
[06-Jan-2024 10:40:27 Europe/Berlin] Hello, errors!
[06-Jan-2024 10:40:27 Europe/Berlin] error en la conexion a la BBDD
[06-Jan-2024 10:40:32 Europe/Berlin] Hello, errors!
[06-Jan-2024 10:40:37 Europe/Berlin] Hello, errors!
[06-Jan-2024 10:41:03 Europe/Berlin] Hello, errors!
[06-Jan-2024 10:41:29 Europe/Berlin] Hello, errors!
[06-Jan-2024 10:41:29 Europe/Berlin] error en la conexion a la BBDD
[06-Jan-2024 10:41:29 Europe/Berlin] error en la conexion a la BBDD
[06-Jan-2024 10:41:33 Europe/Berlin] Hello, errors!
[06-Jan-2024 10:41:49 Europe/Berlin] Hello, errors!
[06-Jan-2024 10:41:49 Europe/Berlin] error en la conexion a la BBDD
[06-Jan-2024 10:41:49 Europe/Berlin] error en la conexion a la BBDD
[06-Jan-2024 10:41:57 Europe/Berlin] Hello, errors!
[06-Jan-2024 10:43:17 Europe/Berlin] Hello, errors!
[06-Jan-2024 10:43:18 Europe/Berlin] error en la conexion a la BBDD
[06-Jan-2024 10:43:18 Europe/Berlin] error en la conexion a la BBDD
[06-Jan-2024 10:43:18 Europe/Berlin] PHP Warning:  Undefined variable $contador in C:\xampp\htdocs\ProyectoExamenModificado\controllers\Propiedades_controller.php on line 87
[06-Jan-2024 10:43:18 Europe/Berlin] error en la conexion a la BBDD
[06-Jan-2024 10:43:34 Europe/Berlin] Hello, errors!
[06-Jan-2024 10:48:08 Europe/Berlin] Hello, errors!
[06-Jan-2024 10:48:08 Europe/Berlin] error en la conexion a la BBDD
[06-Jan-2024 10:48:08 Europe/Berlin] error en la conexion a la BBDD
[06-Jan-2024 10:50:07 Europe/Berlin] error en la conexion a la BBDD
[06-Jan-2024 10:52:31 Europe/Berlin] Hello, errors!
[06-Jan-2024 10:53:01 Europe/Berlin] Hello, errors!
[06-Jan-2024 10:53:01 Europe/Berlin] error en la conexion a la BBDD
[06-Jan-2024 10:53:01 Europe/Berlin] error en la conexion a la BBDD
[06-Jan-2024 10:53:26 Europe/Berlin] error en la conexion a la BBDD
[06-Jan-2024 10:53:35 Europe/Berlin] Hello, errors!
[06-Jan-2024 10:54:18 Europe/Berlin] Hello, errors!
[06-Jan-2024 10:54:18 Europe/Berlin] error en la conexion a la BBDD
[06-Jan-2024 10:54:18 Europe/Berlin] error en la conexion a la BBDD
[06-Jan-2024 10:54:22 Europe/Berlin] error en la conexion a la BBDD
[06-Jan-2024 11:00:39 Europe/Berlin] Hello, errors!
[06-Jan-2024 11:00:39 Europe/Berlin] error en la conexion a la BBDD
[06-Jan-2024 11:00:42 Europe/Berlin] Hello, errors!
[06-Jan-2024 11:00:42 Europe/Berlin] error en la conexion a la BBDD
[06-Jan-2024 11:00:44 Europe/Berlin] Hello, errors!
[06-Jan-2024 11:00:44 Europe/Berlin] error en la conexion a la BBDD
[06-Jan-2024 11:00:47 Europe/Berlin] Hello, errors!
[06-Jan-2024 11:00:47 Europe/Berlin] error en la conexion a la BBDD
[06-Jan-2024 11:00:47 Europe/Berlin] error en la conexion a la BBDD
[06-Jan-2024 11:02:51 Europe/Berlin] Hello, errors!
[06-Jan-2024 11:02:51 Europe/Berlin] error en la conexion a la BBDD
[06-Jan-2024 11:02:53 Europe/Berlin] Hello, errors!
[06-Jan-2024 11:03:03 Europe/Berlin] error en la conexion a la BBDD
[06-Jan-2024 11:03:58 Europe/Berlin] error en la conexion a la BBDD
[06-Jan-2024 11:05:07 Europe/Berlin] Hello, errors!
[06-Jan-2024 11:05:07 Europe/Berlin] error en la conexion a la BBDD
[06-Jan-2024 11:05:09 Europe/Berlin] Hello, errors!
[06-Jan-2024 11:05:21 Europe/Berlin] Hello, errors!
[06-Jan-2024 11:06:30 Europe/Berlin] error en la conexion a la BBDD
[06-Jan-2024 11:07:29 Europe/Berlin] error en la conexion a la BBDD
[06-Jan-2024 11:08:34 Europe/Berlin] Hello, errors!
[06-Jan-2024 11:08:34 Europe/Berlin] error en la conexion a la BBDD
[06-Jan-2024 11:08:38 Europe/Berlin] Hello, errors!
[06-Jan-2024 11:08:55 Europe/Berlin] Hello, errors!
[06-Jan-2024 11:08:55 Europe/Berlin] error en la conexion a la BBDD
[06-Jan-2024 11:09:11 Europe/Berlin] Hello, errors!
[06-Jan-2024 11:09:11 Europe/Berlin] error en la conexion a la BBDD
[06-Jan-2024 11:09:11 Europe/Berlin] error en la conexion a la BBDD
[06-Jan-2024 11:30:29 Europe/Berlin] Hello, errors!
[06-Jan-2024 11:30:29 Europe/Berlin] error en la conexion a la BBDD
[06-Jan-2024 11:32:31 Europe/Berlin] Hello, errors!
[06-Jan-2024 11:32:52 Europe/Berlin] Hello, errors!
[06-Jan-2024 11:32:52 Europe/Berlin] error en la conexion a la BBDD
[06-Jan-2024 11:32:52 Europe/Berlin] error en la conexion a la BBDD
[06-Jan-2024 11:33:37 Europe/Berlin] Hello, errors!
[06-Jan-2024 11:34:03 Europe/Berlin] Hello, errors!
[06-Jan-2024 11:34:03 Europe/Berlin] error en la conexion a la BBDD
[06-Jan-2024 11:34:03 Europe/Berlin] error en la conexion a la BBDD
[06-Jan-2024 11:34:03 Europe/Berlin] error en la conexion a la BBDD
[06-Jan-2024 11:34:08 Europe/Berlin] Hello, errors!
[06-Jan-2024 11:34:08 Europe/Berlin] error en la conexion a la BBDD
[06-Jan-2024 11:34:43 Europe/Berlin] Hello, errors!
[06-Jan-2024 11:34:58 Europe/Berlin] Hello, errors!
[06-Jan-2024 11:34:59 Europe/Berlin] error en la conexion a la BBDD
[06-Jan-2024 11:34:59 Europe/Berlin] error en la conexion a la BBDD
[06-Jan-2024 11:35:01 Europe/Berlin] Hello, errors!
[06-Jan-2024 11:35:44 Europe/Berlin] Hello, errors!
[06-Jan-2024 11:35:44 Europe/Berlin] error en la conexion a la BBDD
[06-Jan-2024 11:35:44 Europe/Berlin] error en la conexion a la BBDD
[06-Jan-2024 11:35:44 Europe/Berlin] error en la conexion a la BBDD
[06-Jan-2024 11:35:47 Europe/Berlin] Hello, errors!
[06-Jan-2024 11:35:47 Europe/Berlin] error en la conexion a la BBDD
[06-Jan-2024 11:43:37 Europe/Berlin] Hello, errors!
[06-Jan-2024 11:43:37 Europe/Berlin] error en la conexion a la BBDD
[06-Jan-2024 11:43:41 Europe/Berlin] Hello, errors!
[06-Jan-2024 11:43:41 Europe/Berlin] error en la conexion a la BBDD
[06-Jan-2024 11:44:29 Europe/Berlin] Hello, errors!
[06-Jan-2024 11:44:29 Europe/Berlin] error en la conexion a la BBDD
[06-Jan-2024 11:44:30 Europe/Berlin] Hello, errors!
[06-Jan-2024 11:44:30 Europe/Berlin] error en la conexion a la BBDD
[06-Jan-2024 11:44:51 Europe/Berlin] Hello, errors!
[06-Jan-2024 11:44:51 Europe/Berlin] error en la conexion a la BBDD
[06-Jan-2024 11:46:15 Europe/Berlin] Hello, errors!
[06-Jan-2024 11:46:15 Europe/Berlin] error en la conexion a la BBDD
[06-Jan-2024 11:46:38 Europe/Berlin] Hello, errors!
[06-Jan-2024 11:46:38 Europe/Berlin] error en la conexion a la BBDD
[06-Jan-2024 11:46:49 Europe/Berlin] Hello, errors!
[06-Jan-2024 11:46:49 Europe/Berlin] error en la conexion a la BBDD
[06-Jan-2024 11:46:51 Europe/Berlin] Hello, errors!
[06-Jan-2024 11:46:51 Europe/Berlin] error en la conexion a la BBDD
[06-Jan-2024 11:50:46 Europe/Berlin] Hello, errors!
[06-Jan-2024 11:50:57 Europe/Berlin] Hello, errors!
[06-Jan-2024 11:50:57 Europe/Berlin] error en la conexion a la BBDD
[06-Jan-2024 11:50:58 Europe/Berlin] error en la conexion a la BBDD
[06-Jan-2024 11:51:00 Europe/Berlin] Hello, errors!
[06-Jan-2024 11:51:00 Europe/Berlin] error en la conexion a la BBDD
[06-Jan-2024 11:51:02 Europe/Berlin] Hello, errors!
[06-Jan-2024 11:51:02 Europe/Berlin] error en la conexion a la BBDD
[06-Jan-2024 11:51:02 Europe/Berlin] error en la conexion a la BBDD
[06-Jan-2024 11:51:04 Europe/Berlin] Hello, errors!
[06-Jan-2024 11:51:04 Europe/Berlin] error en la conexion a la BBDD
[06-Jan-2024 11:51:05 Europe/Berlin] Hello, errors!
[06-Jan-2024 11:51:05 Europe/Berlin] error en la conexion a la BBDD
[06-Jan-2024 11:51:05 Europe/Berlin] error en la conexion a la BBDD
[06-Jan-2024 11:51:07 Europe/Berlin] Hello, errors!
[06-Jan-2024 11:51:07 Europe/Berlin] error en la conexion a la BBDD
[06-Jan-2024 11:51:08 Europe/Berlin] Hello, errors!
[06-Jan-2024 11:51:08 Europe/Berlin] error en la conexion a la BBDD
[06-Jan-2024 11:51:08 Europe/Berlin] error en la conexion a la BBDD
[06-Jan-2024 11:51:13 Europe/Berlin] Hello, errors!
[06-Jan-2024 11:51:13 Europe/Berlin] error en la conexion a la BBDD
[06-Jan-2024 11:51:29 Europe/Berlin] Hello, errors!
[06-Jan-2024 11:51:29 Europe/Berlin] error en la conexion a la BBDD
[06-Jan-2024 11:51:32 Europe/Berlin] Hello, errors!
[06-Jan-2024 11:52:08 Europe/Berlin] Hello, errors!
[06-Jan-2024 11:52:08 Europe/Berlin] error en la conexion a la BBDD
[06-Jan-2024 11:52:32 Europe/Berlin] Hello, errors!
[06-Jan-2024 11:52:32 Europe/Berlin] error en la conexion a la BBDD
[06-Jan-2024 11:52:32 Europe/Berlin] error en la conexion a la BBDD
[06-Jan-2024 11:52:41 Europe/Berlin] Hello, errors!
[06-Jan-2024 11:52:41 Europe/Berlin] error en la conexion a la BBDD
[06-Jan-2024 11:52:50 Europe/Berlin] Hello, errors!
[06-Jan-2024 11:52:50 Europe/Berlin] error en la conexion a la BBDD
[06-Jan-2024 11:52:52 Europe/Berlin] Hello, errors!
[06-Jan-2024 11:52:52 Europe/Berlin] error en la conexion a la BBDD
[06-Jan-2024 11:52:54 Europe/Berlin] Hello, errors!
[06-Jan-2024 11:52:54 Europe/Berlin] error en la conexion a la BBDD
[06-Jan-2024 11:52:56 Europe/Berlin] Hello, errors!
[06-Jan-2024 11:52:56 Europe/Berlin] error en la conexion a la BBDD
[06-Jan-2024 11:53:06 Europe/Berlin] Hello, errors!
[06-Jan-2024 11:53:06 Europe/Berlin] error en la conexion a la BBDD
[06-Jan-2024 11:53:09 Europe/Berlin] Hello, errors!
[06-Jan-2024 11:53:09 Europe/Berlin] error en la conexion a la BBDD
[06-Jan-2024 11:53:11 Europe/Berlin] Hello, errors!
[06-Jan-2024 11:53:11 Europe/Berlin] error en la conexion a la BBDD
[06-Jan-2024 11:53:24 Europe/Berlin] Hello, errors!
[06-Jan-2024 11:53:24 Europe/Berlin] error en la conexion a la BBDD
[06-Jan-2024 11:54:44 Europe/Berlin] Hello, errors!
[06-Jan-2024 11:54:44 Europe/Berlin] error en la conexion a la BBDD
[06-Jan-2024 11:57:22 Europe/Berlin] Hello, errors!
[06-Jan-2024 11:57:34 Europe/Berlin] Hello, errors!
[06-Jan-2024 11:57:34 Europe/Berlin] error en la conexion a la BBDD
[06-Jan-2024 11:57:34 Europe/Berlin] error en la conexion a la BBDD
[06-Jan-2024 11:57:50 Europe/Berlin] Hello, errors!
[06-Jan-2024 11:57:50 Europe/Berlin] error en la conexion a la BBDD
[06-Jan-2024 11:57:52 Europe/Berlin] Hello, errors!
[06-Jan-2024 11:58:20 Europe/Berlin] error en la conexion a la BBDD
[06-Jan-2024 12:00:57 Europe/Berlin] Hello, errors!
[06-Jan-2024 12:01:20 Europe/Berlin] error en la conexion a la BBDD
[06-Jan-2024 12:01:20 Europe/Berlin] error en la conexion a la BBDD
[06-Jan-2024 12:01:38 Europe/Berlin] Hello, errors!
[06-Jan-2024 12:01:38 Europe/Berlin] error en la conexion a la BBDD
[06-Jan-2024 12:02:07 Europe/Berlin] Hello, errors!
[06-Jan-2024 12:02:23 Europe/Berlin] Hello, errors!
[06-Jan-2024 12:02:38 Europe/Berlin] Hello, errors!
[06-Jan-2024 12:02:38 Europe/Berlin] error en la conexion a la BBDD
[06-Jan-2024 12:02:38 Europe/Berlin] error en la conexion a la BBDD
[06-Jan-2024 12:02:41 Europe/Berlin] Hello, errors!
[06-Jan-2024 12:05:30 Europe/Berlin] Hello, errors!
[06-Jan-2024 12:05:30 Europe/Berlin] error en la conexion a la BBDD
[06-Jan-2024 12:05:30 Europe/Berlin] error en la conexion a la BBDD
[06-Jan-2024 12:07:37 Europe/Berlin] error en la conexion a la BBDD
[06-Jan-2024 12:08:03 Europe/Berlin] Hello, errors!
[06-Jan-2024 12:08:03 Europe/Berlin] error en la conexion a la BBDD
[06-Jan-2024 12:08:24 Europe/Berlin] Hello, errors!
[06-Jan-2024 12:08:38 Europe/Berlin] Hello, errors!
[06-Jan-2024 12:08:38 Europe/Berlin] error en la conexion a la BBDD
[06-Jan-2024 12:08:51 Europe/Berlin] Hello, errors!
[06-Jan-2024 12:08:51 Europe/Berlin] error en la conexion a la BBDD
[06-Jan-2024 12:09:05 Europe/Berlin] Hello, errors!
[06-Jan-2024 12:09:05 Europe/Berlin] error en la conexion a la BBDD
[06-Jan-2024 12:09:05 Europe/Berlin] error en la conexion a la BBDD
[06-Jan-2024 12:10:15 Europe/Berlin] Hello, errors!
[06-Jan-2024 12:10:15 Europe/Berlin] error en la conexion a la BBDD
[06-Jan-2024 12:10:20 Europe/Berlin] Hello, errors!
[06-Jan-2024 12:10:34 Europe/Berlin] error en la conexion a la BBDD
[06-Jan-2024 12:10:48 Europe/Berlin] error en la conexion a la BBDD
[06-Jan-2024 12:11:32 Europe/Berlin] Hello, errors!
[06-Jan-2024 12:11:32 Europe/Berlin] error en la conexion a la BBDD
[06-Jan-2024 12:23:45 Europe/Berlin] Hello, errors!
[06-Jan-2024 12:23:46 Europe/Berlin] Hello, errors!
[06-Jan-2024 12:23:46 Europe/Berlin] error en la conexion a la BBDD
[06-Jan-2024 12:52:56 Europe/Berlin] Hello, errors!
[06-Jan-2024 12:53:10 Europe/Berlin] Hello, errors!
[06-Jan-2024 12:53:10 Europe/Berlin] error en la conexion a la BBDD
[06-Jan-2024 12:53:10 Europe/Berlin] error en la conexion a la BBDD
[06-Jan-2024 12:53:20 Europe/Berlin] Hello, errors!
[06-Jan-2024 12:54:40 Europe/Berlin] Hello, errors!
[06-Jan-2024 12:54:40 Europe/Berlin] error en la conexion a la BBDD
[06-Jan-2024 12:54:40 Europe/Berlin] error en la conexion a la BBDD
[06-Jan-2024 12:55:16 Europe/Berlin] PHP Warning:  Undefined array key "id" in C:\xampp\htdocs\ProyectoExamenModificado\controllers\Propiedades_controller.php on line 84
[06-Jan-2024 12:56:26 Europe/Berlin] error en la conexion a la BBDD
[06-Jan-2024 13:03:07 Europe/Berlin] Hello, errors!
[06-Jan-2024 13:03:42 Europe/Berlin] Hello, errors!
[06-Jan-2024 13:03:42 Europe/Berlin] error en la conexion a la BBDD
[06-Jan-2024 13:03:42 Europe/Berlin] error en la conexion a la BBDD
[06-Jan-2024 13:03:49 Europe/Berlin] PHP Warning:  Undefined array key "id" in C:\xampp\htdocs\ProyectoExamenModificado\controllers\Propiedades_controller.php on line 84
[06-Jan-2024 13:05:20 Europe/Berlin] error en la conexion a la BBDD
[06-Jan-2024 13:05:52 Europe/Berlin] Hello, errors!
[06-Jan-2024 13:38:20 Europe/Berlin] Hello, errors!
[06-Jan-2024 13:38:20 Europe/Berlin] error en la conexion a la BBDD
[06-Jan-2024 13:38:20 Europe/Berlin] error en la conexion a la BBDD
[06-Jan-2024 13:40:06 Europe/Berlin] Hello, errors!
[06-Jan-2024 13:40:06 Europe/Berlin] error en la conexion a la BBDD
[06-Jan-2024 13:40:06 Europe/Berlin] error en la conexion a la BBDD
[06-Jan-2024 13:40:07 Europe/Berlin] error en la conexion a la BBDD
[06-Jan-2024 13:40:18 Europe/Berlin] Hello, errors!
[06-Jan-2024 13:40:18 Europe/Berlin] error en la conexion a la BBDD
[06-Jan-2024 13:40:20 Europe/Berlin] Hello, errors!
[06-Jan-2024 13:40:20 Europe/Berlin] error en la conexion a la BBDD
[06-Jan-2024 13:40:20 Europe/Berlin] error en la conexion a la BBDD
[06-Jan-2024 13:40:21 Europe/Berlin] Hello, errors!
[06-Jan-2024 13:40:21 Europe/Berlin] error en la conexion a la BBDD
[06-Jan-2024 13:40:23 Europe/Berlin] Hello, errors!
[06-Jan-2024 13:40:23 Europe/Berlin] error en la conexion a la BBDD
[06-Jan-2024 13:40:23 Europe/Berlin] error en la conexion a la BBDD
[06-Jan-2024 13:40:37 Europe/Berlin] Hello, errors!
[06-Jan-2024 13:40:37 Europe/Berlin] error en la conexion a la BBDD
[06-Jan-2024 13:40:39 Europe/Berlin] Hello, errors!
[06-Jan-2024 13:40:39 Europe/Berlin] error en la conexion a la BBDD
[06-Jan-2024 13:40:39 Europe/Berlin] error en la conexion a la BBDD
[06-Jan-2024 13:40:44 Europe/Berlin] Hello, errors!
[06-Jan-2024 13:41:20 Europe/Berlin] Hello, errors!
[06-Jan-2024 13:41:20 Europe/Berlin] error en la conexion a la BBDD
[06-Jan-2024 13:41:20 Europe/Berlin] error en la conexion a la BBDD
[06-Jan-2024 13:41:20 Europe/Berlin] error en la conexion a la BBDD
[06-Jan-2024 13:41:37 Europe/Berlin] Hello, errors!
[06-Jan-2024 13:42:07 Europe/Berlin] Hello, errors!
[06-Jan-2024 13:42:07 Europe/Berlin] error en la conexion a la BBDD
[06-Jan-2024 13:42:07 Europe/Berlin] error en la conexion a la BBDD
[06-Jan-2024 13:43:15 Europe/Berlin] error en la conexion a la BBDD
[06-Jan-2024 13:43:40 Europe/Berlin] Hello, errors!
[06-Jan-2024 13:44:29 Europe/Berlin] Hello, errors!
[06-Jan-2024 13:44:29 Europe/Berlin] error en la conexion a la BBDD
[06-Jan-2024 13:44:29 Europe/Berlin] error en la conexion a la BBDD
[06-Jan-2024 13:46:04 Europe/Berlin] error en la conexion a la BBDD
[06-Jan-2024 13:46:16 Europe/Berlin] Hello, errors!
[06-Jan-2024 13:46:36 Europe/Berlin] Hello, errors!
[06-Jan-2024 13:46:36 Europe/Berlin] error en la conexion a la BBDD
[06-Jan-2024 13:47:58 Europe/Berlin] Hello, errors!
[06-Jan-2024 13:47:58 Europe/Berlin] error en la conexion a la BBDD
[06-Jan-2024 13:47:58 Europe/Berlin] error en la conexion a la BBDD
[06-Jan-2024 13:50:16 Europe/Berlin] error en la conexion a la BBDD
[06-Jan-2024 13:50:32 Europe/Berlin] Hello, errors!
[06-Jan-2024 13:51:06 Europe/Berlin] Hello, errors!
[06-Jan-2024 13:51:06 Europe/Berlin] error en la conexion a la BBDD
[06-Jan-2024 13:51:06 Europe/Berlin] error en la conexion a la BBDD
[06-Jan-2024 13:51:52 Europe/Berlin] error en la conexion a la BBDD
[06-Jan-2024 13:58:28 Europe/Berlin] Hello, errors!
[06-Jan-2024 13:58:52 Europe/Berlin] Hello, errors!
[06-Jan-2024 13:58:52 Europe/Berlin] error en la conexion a la BBDD
[06-Jan-2024 13:58:52 Europe/Berlin] error en la conexion a la BBDD
[06-Jan-2024 13:59:30 Europe/Berlin] error en la conexion a la BBDD
[06-Jan-2024 14:00:15 Europe/Berlin] Hello, errors!
[06-Jan-2024 14:00:15 Europe/Berlin] error en la conexion a la BBDD
[06-Jan-2024 14:00:18 Europe/Berlin] Hello, errors!
[06-Jan-2024 14:00:18 Europe/Berlin] error en la conexion a la BBDD
[06-Jan-2024 14:01:47 Europe/Berlin] error en la conexion a la BBDD
[06-Jan-2024 14:01:53 Europe/Berlin] Hello, errors!
[06-Jan-2024 14:01:53 Europe/Berlin] error en la conexion a la BBDD
[06-Jan-2024 14:01:55 Europe/Berlin] Hello, errors!
[06-Jan-2024 14:01:55 Europe/Berlin] error en la conexion a la BBDD
[06-Jan-2024 14:01:55 Europe/Berlin] error en la conexion a la BBDD
[06-Jan-2024 14:02:02 Europe/Berlin] Hello, errors!
[06-Jan-2024 14:02:02 Europe/Berlin] error en la conexion a la BBDD
[06-Jan-2024 14:02:04 Europe/Berlin] Hello, errors!
[06-Jan-2024 14:02:04 Europe/Berlin] error en la conexion a la BBDD
[06-Jan-2024 14:02:04 Europe/Berlin] error en la conexion a la BBDD
[06-Jan-2024 14:03:04 Europe/Berlin] Hello, errors!
[06-Jan-2024 14:03:04 Europe/Berlin] error en la conexion a la BBDD
[06-Jan-2024 14:03:06 Europe/Berlin] Hello, errors!
[06-Jan-2024 14:03:06 Europe/Berlin] error en la conexion a la BBDD
[06-Jan-2024 14:06:31 Europe/Berlin] Hello, errors!
[06-Jan-2024 14:06:31 Europe/Berlin] error en la conexion a la BBDD
[06-Jan-2024 14:06:33 Europe/Berlin] Hello, errors!
[06-Jan-2024 14:06:38 Europe/Berlin] error en la conexion a la BBDD
[06-Jan-2024 14:06:46 Europe/Berlin] Hello, errors!
[06-Jan-2024 14:06:46 Europe/Berlin] error en la conexion a la BBDD
[06-Jan-2024 14:06:46 Europe/Berlin] error en la conexion a la BBDD
[06-Jan-2024 14:07:01 Europe/Berlin] Hello, errors!
[06-Jan-2024 14:07:01 Europe/Berlin] error en la conexion a la BBDD
[06-Jan-2024 14:07:03 Europe/Berlin] Hello, errors!
[06-Jan-2024 14:07:03 Europe/Berlin] error en la conexion a la BBDD
[06-Jan-2024 14:08:01 Europe/Berlin] error en la conexion a la BBDD
[06-Jan-2024 14:08:14 Europe/Berlin] Hello, errors!
[06-Jan-2024 14:08:37 Europe/Berlin] Hello, errors!
[06-Jan-2024 14:08:37 Europe/Berlin] error en la conexion a la BBDD
[06-Jan-2024 14:08:38 Europe/Berlin] error en la conexion a la BBDD
[06-Jan-2024 14:08:38 Europe/Berlin] error en la conexion a la BBDD
[06-Jan-2024 14:08:46 Europe/Berlin] Hello, errors!
[06-Jan-2024 14:09:04 Europe/Berlin] Hello, errors!
[06-Jan-2024 14:09:05 Europe/Berlin] error en la conexion a la BBDD
[06-Jan-2024 14:09:05 Europe/Berlin] error en la conexion a la BBDD
[06-Jan-2024 14:09:05 Europe/Berlin] error en la conexion a la BBDD
[06-Jan-2024 14:09:37 Europe/Berlin] Hello, errors!
[06-Jan-2024 14:09:37 Europe/Berlin] error en la conexion a la BBDD
[06-Jan-2024 14:09:43 Europe/Berlin] Hello, errors!
[06-Jan-2024 14:09:43 Europe/Berlin] error en la conexion a la BBDD
[06-Jan-2024 14:09:43 Europe/Berlin] error en la conexion a la BBDD
[06-Jan-2024 14:10:12 Europe/Berlin] Hello, errors!
[06-Jan-2024 14:10:30 Europe/Berlin] Hello, errors!
[06-Jan-2024 14:10:30 Europe/Berlin] error en la conexion a la BBDD
[06-Jan-2024 14:10:30 Europe/Berlin] error en la conexion a la BBDD
[06-Jan-2024 14:10:30 Europe/Berlin] error en la conexion a la BBDD
[06-Jan-2024 14:35:08 Europe/Berlin] Hello, errors!
[06-Jan-2024 14:35:08 Europe/Berlin] error en la conexion a la BBDD
[06-Jan-2024 14:35:08 Europe/Berlin] error en la conexion a la BBDD
[06-Jan-2024 14:35:08 Europe/Berlin] error en la conexion a la BBDD
[06-Jan-2024 14:35:08 Europe/Berlin] error en la conexion a la BBDD
[06-Jan-2024 14:35:19 Europe/Berlin] Hello, errors!
[06-Jan-2024 14:35:19 Europe/Berlin] error en la conexion a la BBDD
[06-Jan-2024 14:35:21 Europe/Berlin] Hello, errors!
[06-Jan-2024 14:35:21 Europe/Berlin] error en la conexion a la BBDD
[06-Jan-2024 14:35:22 Europe/Berlin] error en la conexion a la BBDD
[06-Jan-2024 14:35:22 Europe/Berlin] error en la conexion a la BBDD
[06-Jan-2024 14:49:27 Europe/Berlin] Hello, errors!
[06-Jan-2024 14:49:27 Europe/Berlin] error en la conexion a la BBDD
[06-Jan-2024 14:49:27 Europe/Berlin] error en la conexion a la BBDD
[06-Jan-2024 14:49:27 Europe/Berlin] error en la conexion a la BBDD
[06-Jan-2024 14:50:06 Europe/Berlin] Hello, errors!
[06-Jan-2024 14:50:06 Europe/Berlin] error en la conexion a la BBDD
[06-Jan-2024 14:50:06 Europe/Berlin] error en la conexion a la BBDD
[06-Jan-2024 14:50:06 Europe/Berlin] error en la conexion a la BBDD
[06-Jan-2024 14:50:11 Europe/Berlin] Hello, errors!
[06-Jan-2024 14:50:11 Europe/Berlin] error en la conexion a la BBDD
[06-Jan-2024 14:50:22 Europe/Berlin] Hello, errors!
[06-Jan-2024 14:50:22 Europe/Berlin] error en la conexion a la BBDD
[06-Jan-2024 14:50:25 Europe/Berlin] Hello, errors!
[06-Jan-2024 14:50:37 Europe/Berlin] Hello, errors!
[06-Jan-2024 14:50:37 Europe/Berlin] error en la conexion a la BBDD
[06-Jan-2024 14:50:37 Europe/Berlin] error en la conexion a la BBDD
[06-Jan-2024 14:50:37 Europe/Berlin] error en la conexion a la BBDD
[06-Jan-2024 14:50:37 Europe/Berlin] PHP Fatal error:  Uncaught ArgumentCountError: time() expects exactly 0 arguments, 1 given in C:\xampp\htdocs\ProyectoExamenModificado\controllers\Propiedades_controller.php:17
Stack trace:
#0 C:\xampp\htdocs\ProyectoExamenModificado\controllers\Propiedades_controller.php(17): time(31104000)
#1 C:\xampp\htdocs\ProyectoExamenModificado\controllers\User_controller.php(53): ControllerPropiedades->cargar('javier@gmail.co...')
#2 C:\xampp\htdocs\ProyectoExamenModificado\index.php(29): ControllerUser->login()
#3 {main}
  thrown in C:\xampp\htdocs\ProyectoExamenModificado\controllers\Propiedades_controller.php on line 17
[06-Jan-2024 14:50:44 Europe/Berlin] Hello, errors!
[06-Jan-2024 14:50:44 Europe/Berlin] error en la conexion a la BBDD
[06-Jan-2024 14:50:47 Europe/Berlin] Hello, errors!
[06-Jan-2024 14:50:57 Europe/Berlin] Hello, errors!
[06-Jan-2024 14:50:57 Europe/Berlin] error en la conexion a la BBDD
[06-Jan-2024 14:50:58 Europe/Berlin] error en la conexion a la BBDD
[06-Jan-2024 14:50:58 Europe/Berlin] error en la conexion a la BBDD
[06-Jan-2024 14:50:58 Europe/Berlin] PHP Fatal error:  Uncaught ArgumentCountError: time() expects exactly 0 arguments, 1 given in C:\xampp\htdocs\ProyectoExamenModificado\controllers\Propiedades_controller.php:17
Stack trace:
#0 C:\xampp\htdocs\ProyectoExamenModificado\controllers\Propiedades_controller.php(17): time(31104000)
#1 C:\xampp\htdocs\ProyectoExamenModificado\controllers\User_controller.php(53): ControllerPropiedades->cargar('javier@gmail.co...')
#2 C:\xampp\htdocs\ProyectoExamenModificado\index.php(29): ControllerUser->login()
#3 {main}
  thrown in C:\xampp\htdocs\ProyectoExamenModificado\controllers\Propiedades_controller.php on line 17
[06-Jan-2024 14:51:26 Europe/Berlin] Hello, errors!
[06-Jan-2024 14:51:26 Europe/Berlin] error en la conexion a la BBDD
[06-Jan-2024 14:51:27 Europe/Berlin] Hello, errors!
[06-Jan-2024 14:51:40 Europe/Berlin] Hello, errors!
[06-Jan-2024 14:51:40 Europe/Berlin] error en la conexion a la BBDD
[06-Jan-2024 14:51:40 Europe/Berlin] error en la conexion a la BBDD
[06-Jan-2024 14:51:41 Europe/Berlin] error en la conexion a la BBDD
[06-Jan-2024 14:51:41 Europe/Berlin] PHP Fatal error:  Uncaught ArgumentCountError: time() expects exactly 0 arguments, 1 given in C:\xampp\htdocs\ProyectoExamenModificado\controllers\Propiedades_controller.php:17
Stack trace:
#0 C:\xampp\htdocs\ProyectoExamenModificado\controllers\Propiedades_controller.php(17): time(31104000)
#1 C:\xampp\htdocs\ProyectoExamenModificado\controllers\User_controller.php(53): ControllerPropiedades->cargar('javier@gmail.co...')
#2 C:\xampp\htdocs\ProyectoExamenModificado\index.php(29): ControllerUser->login()
#3 {main}
  thrown in C:\xampp\htdocs\ProyectoExamenModificado\controllers\Propiedades_controller.php on line 17
[06-Jan-2024 14:54:23 Europe/Berlin] Hello, errors!
[06-Jan-2024 14:54:23 Europe/Berlin] error en la conexion a la BBDD
[06-Jan-2024 14:54:26 Europe/Berlin] Hello, errors!
[06-Jan-2024 14:54:35 Europe/Berlin] Hello, errors!
[06-Jan-2024 14:54:35 Europe/Berlin] error en la conexion a la BBDD
[06-Jan-2024 14:54:35 Europe/Berlin] error en la conexion a la BBDD
[06-Jan-2024 14:54:35 Europe/Berlin] error en la conexion a la BBDD
[06-Jan-2024 14:54:35 Europe/Berlin] PHP Fatal error:  Uncaught ArgumentCountError: time() expects exactly 0 arguments, 1 given in C:\xampp\htdocs\ProyectoExamenModificado\controllers\Propiedades_controller.php:17
Stack trace:
#0 C:\xampp\htdocs\ProyectoExamenModificado\controllers\Propiedades_controller.php(17): time(2592000)
#1 C:\xampp\htdocs\ProyectoExamenModificado\controllers\User_controller.php(53): ControllerPropiedades->cargar('javier@gmail.co...')
#2 C:\xampp\htdocs\ProyectoExamenModificado\index.php(29): ControllerUser->login()
#3 {main}
  thrown in C:\xampp\htdocs\ProyectoExamenModificado\controllers\Propiedades_controller.php on line 17
[06-Jan-2024 14:55:33 Europe/Berlin] Hello, errors!
[06-Jan-2024 14:55:33 Europe/Berlin] error en la conexion a la BBDD
[06-Jan-2024 14:55:35 Europe/Berlin] Hello, errors!
[06-Jan-2024 14:55:43 Europe/Berlin] Hello, errors!
[06-Jan-2024 14:55:43 Europe/Berlin] error en la conexion a la BBDD
[06-Jan-2024 14:55:44 Europe/Berlin] error en la conexion a la BBDD
[06-Jan-2024 14:55:44 Europe/Berlin] error en la conexion a la BBDD
[06-Jan-2024 14:56:10 Europe/Berlin] Hello, errors!
[06-Jan-2024 14:56:10 Europe/Berlin] error en la conexion a la BBDD
[06-Jan-2024 14:56:14 Europe/Berlin] Hello, errors!
[06-Jan-2024 14:56:25 Europe/Berlin] Hello, errors!
[06-Jan-2024 14:56:25 Europe/Berlin] error en la conexion a la BBDD
[06-Jan-2024 14:56:25 Europe/Berlin] error en la conexion a la BBDD
[06-Jan-2024 14:56:25 Europe/Berlin] error en la conexion a la BBDD
[06-Jan-2024 14:56:36 Europe/Berlin] Hello, errors!
[06-Jan-2024 14:56:36 Europe/Berlin] error en la conexion a la BBDD
[06-Jan-2024 14:56:39 Europe/Berlin] Hello, errors!
[06-Jan-2024 14:56:39 Europe/Berlin] error en la conexion a la BBDD
[06-Jan-2024 14:57:04 Europe/Berlin] Hello, errors!
[06-Jan-2024 14:57:04 Europe/Berlin] error en la conexion a la BBDD
[06-Jan-2024 14:57:06 Europe/Berlin] Hello, errors!
[06-Jan-2024 14:57:17 Europe/Berlin] Hello, errors!
[06-Jan-2024 14:57:18 Europe/Berlin] error en la conexion a la BBDD
[06-Jan-2024 14:57:18 Europe/Berlin] error en la conexion a la BBDD
[06-Jan-2024 14:57:18 Europe/Berlin] error en la conexion a la BBDD
[06-Jan-2024 14:58:42 Europe/Berlin] Hello, errors!
[06-Jan-2024 14:58:42 Europe/Berlin] error en la conexion a la BBDD
[06-Jan-2024 14:58:44 Europe/Berlin] Hello, errors!
[06-Jan-2024 14:58:55 Europe/Berlin] Hello, errors!
[06-Jan-2024 14:58:55 Europe/Berlin] error en la conexion a la BBDD
[06-Jan-2024 14:58:55 Europe/Berlin] error en la conexion a la BBDD
[06-Jan-2024 14:58:55 Europe/Berlin] error en la conexion a la BBDD
[06-Jan-2024 14:59:12 Europe/Berlin] Hello, errors!
[06-Jan-2024 14:59:12 Europe/Berlin] error en la conexion a la BBDD
[06-Jan-2024 14:59:14 Europe/Berlin] Hello, errors!
[06-Jan-2024 14:59:23 Europe/Berlin] Hello, errors!
[06-Jan-2024 14:59:23 Europe/Berlin] error en la conexion a la BBDD
[06-Jan-2024 14:59:23 Europe/Berlin] error en la conexion a la BBDD
[06-Jan-2024 14:59:23 Europe/Berlin] error en la conexion a la BBDD
[06-Jan-2024 15:00:40 Europe/Berlin] Hello, errors!
[06-Jan-2024 15:00:40 Europe/Berlin] error en la conexion a la BBDD
[06-Jan-2024 15:00:43 Europe/Berlin] Hello, errors!
[06-Jan-2024 15:00:43 Europe/Berlin] error en la conexion a la BBDD
[06-Jan-2024 15:00:43 Europe/Berlin] error en la conexion a la BBDD
[06-Jan-2024 15:00:52 Europe/Berlin] Hello, errors!
[06-Jan-2024 15:00:52 Europe/Berlin] error en la conexion a la BBDD
[06-Jan-2024 15:01:37 Europe/Berlin] Hello, errors!
[06-Jan-2024 15:01:37 Europe/Berlin] error en la conexion a la BBDD
[06-Jan-2024 15:01:41 Europe/Berlin] Hello, errors!
[06-Jan-2024 15:01:41 Europe/Berlin] error en la conexion a la BBDD
[06-Jan-2024 15:01:58 Europe/Berlin] Hello, errors!
[06-Jan-2024 15:01:58 Europe/Berlin] error en la conexion a la BBDD
[06-Jan-2024 15:02:03 Europe/Berlin] Hello, errors!
[06-Jan-2024 15:02:03 Europe/Berlin] error en la conexion a la BBDD
[06-Jan-2024 15:02:03 Europe/Berlin] error en la conexion a la BBDD
[06-Jan-2024 15:02:20 Europe/Berlin] Hello, errors!
[06-Jan-2024 15:02:20 Europe/Berlin] error en la conexion a la BBDD
[06-Jan-2024 15:02:22 Europe/Berlin] Hello, errors!
[06-Jan-2024 15:02:37 Europe/Berlin] Hello, errors!
[06-Jan-2024 15:02:37 Europe/Berlin] error en la conexion a la BBDD
[06-Jan-2024 15:02:53 Europe/Berlin] Hello, errors!
[06-Jan-2024 15:02:53 Europe/Berlin] error en la conexion a la BBDD
[06-Jan-2024 15:02:53 Europe/Berlin] error en la conexion a la BBDD
[06-Jan-2024 15:02:53 Europe/Berlin] error en la conexion a la BBDD
[06-Jan-2024 15:03:00 Europe/Berlin] Hello, errors!
[06-Jan-2024 15:03:00 Europe/Berlin] error en la conexion a la BBDD
[06-Jan-2024 15:03:02 Europe/Berlin] Hello, errors!
[06-Jan-2024 15:03:02 Europe/Berlin] error en la conexion a la BBDD
[06-Jan-2024 15:03:02 Europe/Berlin] error en la conexion a la BBDD
[06-Jan-2024 15:03:02 Europe/Berlin] error en la conexion a la BBDD
[06-Jan-2024 15:03:17 Europe/Berlin] Hello, errors!
[06-Jan-2024 15:03:17 Europe/Berlin] error en la conexion a la BBDD
[06-Jan-2024 15:03:42 Europe/Berlin] Hello, errors!
[06-Jan-2024 15:04:00 Europe/Berlin] Hello, errors!
[06-Jan-2024 15:04:00 Europe/Berlin] error en la conexion a la BBDD
[06-Jan-2024 15:04:00 Europe/Berlin] error en la conexion a la BBDD
[06-Jan-2024 15:04:17 Europe/Berlin] error en la conexion a la BBDD
[06-Jan-2024 15:08:10 Europe/Berlin] Hello, errors!
[06-Jan-2024 15:08:10 Europe/Berlin] error en la conexion a la BBDD
[06-Jan-2024 15:08:13 Europe/Berlin] Hello, errors!
[06-Jan-2024 15:08:20 Europe/Berlin] Hello, errors!
[06-Jan-2024 15:08:20 Europe/Berlin] error en la conexion a la BBDD
[06-Jan-2024 15:08:23 Europe/Berlin] Hello, errors!
[06-Jan-2024 15:08:39 Europe/Berlin] Hello, errors!
[06-Jan-2024 15:08:39 Europe/Berlin] error en la conexion a la BBDD
[06-Jan-2024 15:08:39 Europe/Berlin] error en la conexion a la BBDD
[06-Jan-2024 15:08:39 Europe/Berlin] error en la conexion a la BBDD
[06-Jan-2024 15:11:33 Europe/Berlin] Hello, errors!
[06-Jan-2024 15:11:33 Europe/Berlin] error en la conexion a la BBDD
[06-Jan-2024 15:11:36 Europe/Berlin] Hello, errors!
[06-Jan-2024 15:11:46 Europe/Berlin] Hello, errors!
[06-Jan-2024 15:11:46 Europe/Berlin] error en la conexion a la BBDD
[06-Jan-2024 15:11:46 Europe/Berlin] error en la conexion a la BBDD
[06-Jan-2024 15:11:46 Europe/Berlin] error en la conexion a la BBDD
[06-Jan-2024 15:12:02 Europe/Berlin] Hello, errors!
[06-Jan-2024 15:12:02 Europe/Berlin] error en la conexion a la BBDD
[06-Jan-2024 15:12:03 Europe/Berlin] Hello, errors!
[06-Jan-2024 15:12:15 Europe/Berlin] Hello, errors!
[06-Jan-2024 15:12:15 Europe/Berlin] error en la conexion a la BBDD
[06-Jan-2024 15:12:16 Europe/Berlin] error en la conexion a la BBDD
[06-Jan-2024 15:12:16 Europe/Berlin] error en la conexion a la BBDD
[06-Jan-2024 15:12:33 Europe/Berlin] Hello, errors!
[06-Jan-2024 15:12:33 Europe/Berlin] error en la conexion a la BBDD
[06-Jan-2024 15:12:40 Europe/Berlin] Hello, errors!
[06-Jan-2024 15:12:40 Europe/Berlin] error en la conexion a la BBDD
[06-Jan-2024 15:12:44 Europe/Berlin] Hello, errors!
[06-Jan-2024 15:12:55 Europe/Berlin] Hello, errors!
[06-Jan-2024 15:12:55 Europe/Berlin] error en la conexion a la BBDD
[06-Jan-2024 15:12:55 Europe/Berlin] error en la conexion a la BBDD
[06-Jan-2024 15:12:55 Europe/Berlin] error en la conexion a la BBDD
[06-Jan-2024 15:19:24 Europe/Berlin] Hello, errors!
[06-Jan-2024 15:19:24 Europe/Berlin] error en la conexion a la BBDD
[06-Jan-2024 15:24:18 Europe/Berlin] Hello, errors!
[06-Jan-2024 15:24:18 Europe/Berlin] error en la conexion a la BBDD
[06-Jan-2024 15:24:20 Europe/Berlin] Hello, errors!
[06-Jan-2024 15:24:42 Europe/Berlin] Hello, errors!
[06-Jan-2024 15:24:42 Europe/Berlin] error en la conexion a la BBDD
[06-Jan-2024 15:24:42 Europe/Berlin] error en la conexion a la BBDD
[06-Jan-2024 15:24:42 Europe/Berlin] error en la conexion a la BBDD
[06-Jan-2024 15:27:49 Europe/Berlin] Hello, errors!
[06-Jan-2024 15:27:49 Europe/Berlin] error en la conexion a la BBDD
[06-Jan-2024 15:27:52 Europe/Berlin] Hello, errors!
[06-Jan-2024 15:27:53 Europe/Berlin] Hello, errors!
[06-Jan-2024 15:28:03 Europe/Berlin] Hello, errors!
[06-Jan-2024 15:28:03 Europe/Berlin] error en la conexion a la BBDD
[06-Jan-2024 15:28:03 Europe/Berlin] error en la conexion a la BBDD
[06-Jan-2024 15:28:03 Europe/Berlin] error en la conexion a la BBDD
[06-Jan-2024 15:28:53 Europe/Berlin] Hello, errors!
[06-Jan-2024 15:28:53 Europe/Berlin] error en la conexion a la BBDD
[06-Jan-2024 15:28:55 Europe/Berlin] Hello, errors!
[06-Jan-2024 15:28:55 Europe/Berlin] error en la conexion a la BBDD
[06-Jan-2024 15:28:55 Europe/Berlin] error en la conexion a la BBDD
[06-Jan-2024 15:29:00 Europe/Berlin] Hello, errors!
[06-Jan-2024 15:29:00 Europe/Berlin] error en la conexion a la BBDD
[06-Jan-2024 15:29:01 Europe/Berlin] Hello, errors!
[06-Jan-2024 15:29:01 Europe/Berlin] error en la conexion a la BBDD
[06-Jan-2024 15:29:02 Europe/Berlin] Hello, errors!
[06-Jan-2024 15:29:02 Europe/Berlin] error en la conexion a la BBDD
[06-Jan-2024 15:29:21 Europe/Berlin] Hello, errors!
[06-Jan-2024 15:29:37 Europe/Berlin] Hello, errors!
[06-Jan-2024 15:29:37 Europe/Berlin] error en la conexion a la BBDD
[06-Jan-2024 15:29:37 Europe/Berlin] error en la conexion a la BBDD
[06-Jan-2024 15:29:37 Europe/Berlin] error en la conexion a la BBDD
[06-Jan-2024 15:29:44 Europe/Berlin] Hello, errors!
[06-Jan-2024 15:29:44 Europe/Berlin] error en la conexion a la BBDD
[06-Jan-2024 15:29:46 Europe/Berlin] Hello, errors!
[06-Jan-2024 15:29:46 Europe/Berlin] error en la conexion a la BBDD
[06-Jan-2024 15:29:46 Europe/Berlin] error en la conexion a la BBDD
[06-Jan-2024 15:29:48 Europe/Berlin] Hello, errors!
[06-Jan-2024 15:29:48 Europe/Berlin] error en la conexion a la BBDD
[06-Jan-2024 15:29:51 Europe/Berlin] Hello, errors!
[06-Jan-2024 15:29:51 Europe/Berlin] error en la conexion a la BBDD
[06-Jan-2024 15:29:51 Europe/Berlin] error en la conexion a la BBDD
[06-Jan-2024 15:29:56 Europe/Berlin] Hello, errors!
[06-Jan-2024 15:29:56 Europe/Berlin] error en la conexion a la BBDD
[06-Jan-2024 15:31:32 Europe/Berlin] Hello, errors!
[06-Jan-2024 15:31:32 Europe/Berlin] error en la conexion a la BBDD
[06-Jan-2024 15:31:35 Europe/Berlin] Hello, errors!
[06-Jan-2024 15:31:46 Europe/Berlin] Hello, errors!
[06-Jan-2024 15:31:46 Europe/Berlin] error en la conexion a la BBDD
[06-Jan-2024 15:31:46 Europe/Berlin] error en la conexion a la BBDD
[06-Jan-2024 15:31:46 Europe/Berlin] error en la conexion a la BBDD
[06-Jan-2024 15:33:00 Europe/Berlin] Hello, errors!
[06-Jan-2024 15:33:00 Europe/Berlin] error en la conexion a la BBDD
[06-Jan-2024 15:33:03 Europe/Berlin] Hello, errors!
[06-Jan-2024 15:33:13 Europe/Berlin] Hello, errors!
[06-Jan-2024 15:33:13 Europe/Berlin] error en la conexion a la BBDD
[06-Jan-2024 15:33:13 Europe/Berlin] error en la conexion a la BBDD
[06-Jan-2024 15:33:13 Europe/Berlin] error en la conexion a la BBDD
[06-Jan-2024 15:33:41 Europe/Berlin] Hello, errors!
[06-Jan-2024 15:33:45 Europe/Berlin] Hello, errors!
[06-Jan-2024 15:33:45 Europe/Berlin] error en la conexion a la BBDD
[06-Jan-2024 15:33:45 Europe/Berlin] error en la conexion a la BBDD
